Reading initial parameters.
Atack radius 5
Sending endTurn()
turn 1:
Sending endTurn()
Time taken: 99.7601ms
Alocated Time: 1000ms

turn 2:
Sending endTurn()
Time taken: 7.00593ms
Alocated Time: 1000ms

turn 3:
Sending endTurn()
Time taken: 2.78091ms
Alocated Time: 1000ms

turn 4:
Sending endTurn()
Time taken: 3.057ms
Alocated Time: 1000ms

turn 5:
Sending endTurn()
Time taken: 2.41184ms
Alocated Time: 1000ms

turn 6:
Sending endTurn()
Time taken: 3.77297ms
Alocated Time: 1000ms

turn 7:
Sending endTurn()
Time taken: 2.5351ms
Alocated Time: 1000ms

turn 8:
Sending endTurn()
Time taken: 5.25188ms
Alocated Time: 1000ms

turn 9:
Sending endTurn()
Time taken: 3.09706ms
Alocated Time: 1000ms

turn 10:
Sending endTurn()
Time taken: 5.11909ms
Alocated Time: 1000ms

turn 11:
Sending endTurn()
Time taken: 29.3279ms
Alocated Time: 1000ms

turn 12:
Sending endTurn()
Time taken: 6.68812ms
Alocated Time: 1000ms

turn 13:
Sending endTurn()
Time taken: 4.62484ms
Alocated Time: 1000ms

turn 14:
Sending endTurn()
Time taken: 4.02188ms
Alocated Time: 1000ms

turn 15:
Sending endTurn()
Time taken: 4.95696ms
Alocated Time: 1000ms

turn 16:
Sending endTurn()
Time taken: 42.3069ms
Alocated Time: 1000ms

turn 17:
Sending endTurn()
Time taken: 6.11496ms
Alocated Time: 1000ms

turn 18:
Sending endTurn()
Time taken: 7.10607ms
Alocated Time: 1000ms

turn 19:
Sending endTurn()
Time taken: 9.99808ms
Alocated Time: 1000ms

turn 20:
Sending endTurn()
Time taken: 8.68297ms
Alocated Time: 1000ms

turn 21:
Sending endTurn()
Time taken: 11.205ms
Alocated Time: 1000ms

turn 22:
Sending endTurn()
Time taken: 10.565ms
Alocated Time: 1000ms

turn 23:
Sending endTurn()
Time taken: 9.04703ms
Alocated Time: 1000ms

turn 24:
Sending endTurn()
Time taken: 10.3841ms
Alocated Time: 1000ms

turn 25:
Sending endTurn()
Time taken: 12.7501ms
Alocated Time: 1000ms

turn 26:
Sending endTurn()
Time taken: 9.35006ms
Alocated Time: 1000ms

turn 27:
Sending endTurn()
Time taken: 12.7759ms
Alocated Time: 1000ms

turn 28:
Combat: 23 3
Link: 23 3 vs 21 1
Sending endTurn()
Time taken: 16.9141ms
Alocated Time: 1000ms

turn 29:
Combat: 23 2
Link: 23 2 vs 20 1
Sending endTurn()
Time taken: 10.1931ms
Alocated Time: 1000ms

turn 30:
Combat: 23 1
Link: 23 1 vs 20 1
Sending endTurn()
Time taken: 10.186ms
Alocated Time: 1000ms

turn 31:
Sending endTurn()
Time taken: 10.071ms
Alocated Time: 1000ms

turn 32:
Combat: 25 1
Link: 25 1 vs 25 57
Sending endTurn()
Time taken: 13.5479ms
Alocated Time: 1000ms

turn 33:
Combat: 26 1
Link: 26 1 vs 26 57
Sending endTurn()
Time taken: 13.8059ms
Alocated Time: 1000ms

turn 34:
Combat: 15 5
Link: 15 5 vs 15 2
Sending endTurn()
Time taken: 13.366ms
Alocated Time: 1000ms

turn 35:
Combat: 19 7
Link: 19 7